2023-07-11 23:57:38.805 [info] Log level: Info
2023-07-11 23:57:38.805 [info] Validating found git in: "git"
2023-07-11 23:57:38.805 [info] Using git "2.25.1" from "git"
2023-07-11 23:57:38.805 [info] > git rev-parse --show-toplevel [2ms]
2023-07-11 23:57:38.805 [info] > git rev-parse --git-dir --git-common-dir [0ms]
2023-07-11 23:57:38.805 [info] Open repository: /home/huang
2023-07-11 23:57:38.805 [info] > git rev-parse --show-toplevel [2ms]
2023-07-11 23:57:38.805 [info] > git config --get commit.template [2ms]
2023-07-11 23:57:38.805 [info] > git rev-parse --show-toplevel [1ms]
2023-07-11 23:57:38.805 [info] > git rev-parse --show-toplevel [2ms]
2023-07-11 23:57:38.805 [info] > git for-each-ref --format=%(refname)%00%(upstream:short)%00%(objectname)%00%(upstream:track)%00%(upstream:remotename)%00%(upstream:remoteref) refs/heads/main refs/remotes/main [2ms]
2023-07-11 23:57:38.805 [info] > git rev-parse --show-toplevel [2ms]
2023-07-11 23:57:38.805 [info] > git rev-parse --show-toplevel [1ms]
2023-07-11 23:57:38.805 [info] > git status -z -uall [3ms]
2023-07-11 23:57:38.805 [info] > git rev-parse --show-toplevel [0ms]
2023-07-11 23:57:38.805 [info] > git rev-parse --show-toplevel [5ms]
2023-07-11 23:57:38.805 [info] > git config --get commit.template [1ms]
2023-07-11 23:57:38.805 [info] > git for-each-ref --format=%(refname)%00%(upstream:short)%00%(objectname)%00%(upstream:track)%00%(upstream:remotename)%00%(upstream:remoteref) refs/heads/main refs/remotes/main [0ms]
2023-07-11 23:57:38.805 [info] > git status -z -uall [3ms]
2023-07-11 23:57:39.350 [info] > git check-ignore -v -z --stdin [1ms]
2023-07-11 23:57:41.202 [info] > git config --get commit.template [3ms]
2023-07-11 23:57:41.203 [info] > git for-each-ref --format=%(refname)%00%(upstream:short)%00%(objectname)%00%(upstream:track)%00%(upstream:remotename)%00%(upstream:remoteref) refs/heads/main refs/remotes/main [1ms]
2023-07-11 23:57:41.208 [info] > git status -z -uall [4ms]
2023-07-11 23:57:46.214 [info] > git config --get commit.template [2ms]
2023-07-11 23:57:46.214 [info] > git for-each-ref --format=%(refname)%00%(upstream:short)%00%(objectname)%00%(upstream:track)%00%(upstream:remotename)%00%(upstream:remoteref) refs/heads/main refs/remotes/main [0ms]
2023-07-11 23:57:46.220 [info] > git status -z -uall [4ms]
2023-07-11 23:57:51.227 [info] > git config --get commit.template [2ms]
2023-07-11 23:57:51.227 [info] > git for-each-ref --format=%(refname)%00%(upstream:short)%00%(objectname)%00%(upstream:track)%00%(upstream:remotename)%00%(upstream:remoteref) refs/heads/main refs/remotes/main [0ms]
2023-07-11 23:57:51.233 [info] > git status -z -uall [4ms]
2023-07-11 23:57:53.311 [info] > git check-ignore -v -z --stdin [1ms]
2023-07-11 23:57:54.432 [info] > git show --textconv :star.c [3ms]
2023-07-11 23:57:54.432 [info] > git ls-files --stage -- /home/huang/star.c [1ms]
2023-07-11 23:57:56.238 [info] > git config --get commit.template [0ms]
2023-07-11 23:57:56.241 [info] > git for-each-ref --format=%(refname)%00%(upstream:short)%00%(objectname)%00%(upstream:track)%00%(upstream:remotename)%00%(upstream:remoteref) refs/heads/main refs/remotes/main [1ms]
2023-07-11 23:57:56.256 [info] > git status -z -uall [14ms]
2023-07-11 23:58:01.262 [info] > git config --get commit.template [2ms]
2023-07-11 23:58:01.262 [info] > git for-each-ref --format=%(refname)%00%(upstream:short)%00%(objectname)%00%(upstream:track)%00%(upstream:remotename)%00%(upstream:remoteref) refs/heads/main refs/remotes/main [0ms]
2023-07-11 23:58:01.278 [info] > git status -z -uall [14ms]
2023-07-11 23:58:06.285 [info] > git config --get commit.template [3ms]
2023-07-11 23:58:06.285 [info] > git for-each-ref --format=%(refname)%00%(upstream:short)%00%(objectname)%00%(upstream:track)%00%(upstream:remotename)%00%(upstream:remoteref) refs/heads/main refs/remotes/main [0ms]
2023-07-11 23:58:06.301 [info] > git status -z -uall [13ms]
2023-07-11 23:58:11.308 [info] > git config --get commit.template [2ms]
2023-07-11 23:58:11.308 [info] > git for-each-ref --format=%(refname)%00%(upstream:short)%00%(objectname)%00%(upstream:track)%00%(upstream:remotename)%00%(upstream:remoteref) refs/heads/main refs/remotes/main [0ms]
2023-07-11 23:58:11.323 [info] > git status -z -uall [13ms]
2023-07-11 23:58:16.331 [info] > git config --get commit.template [2ms]
2023-07-11 23:58:16.332 [info] > git for-each-ref --format=%(refname)%00%(upstream:short)%00%(objectname)%00%(upstream:track)%00%(upstream:remotename)%00%(upstream:remoteref) refs/heads/main refs/remotes/main [1ms]
2023-07-11 23:58:16.347 [info] > git status -z -uall [14ms]
2023-07-11 23:58:21.355 [info] > git config --get commit.template [2ms]
2023-07-11 23:58:21.355 [info] > git for-each-ref --format=%(refname)%00%(upstream:short)%00%(objectname)%00%(upstream:track)%00%(upstream:remotename)%00%(upstream:remoteref) refs/heads/main refs/remotes/main [1ms]
2023-07-11 23:58:21.370 [info] > git status -z -uall [14ms]
2023-07-11 23:58:26.377 [info] > git config --get commit.template [2ms]
2023-07-11 23:58:26.377 [info] > git for-each-ref --format=%(refname)%00%(upstream:short)%00%(objectname)%00%(upstream:track)%00%(upstream:remotename)%00%(upstream:remoteref) refs/heads/main refs/remotes/main [0ms]
2023-07-11 23:58:26.392 [info] > git status -z -uall [13ms]
2023-07-11 23:58:31.400 [info] > git config --get commit.template [3ms]
2023-07-11 23:58:31.400 [info] > git for-each-ref --format=%(refname)%00%(upstream:short)%00%(objectname)%00%(upstream:track)%00%(upstream:remotename)%00%(upstream:remoteref) refs/heads/main refs/remotes/main [0ms]
2023-07-11 23:58:31.415 [info] > git status -z -uall [13ms]
2023-07-11 23:58:36.422 [info] > git config --get commit.template [3ms]
2023-07-11 23:58:36.423 [info] > git for-each-ref --format=%(refname)%00%(upstream:short)%00%(objectname)%00%(upstream:track)%00%(upstream:remotename)%00%(upstream:remoteref) refs/heads/main refs/remotes/main [2ms]
2023-07-11 23:58:36.438 [info] > git status -z -uall [14ms]
2023-07-11 23:58:41.444 [info] > git config --get commit.template [2ms]
2023-07-11 23:58:41.444 [info] > git for-each-ref --format=%(refname)%00%(upstream:short)%00%(objectname)%00%(upstream:track)%00%(upstream:remotename)%00%(upstream:remoteref) refs/heads/main refs/remotes/main [0ms]
2023-07-11 23:58:41.460 [info] > git status -z -uall [14ms]
2023-07-11 23:58:46.466 [info] > git config --get commit.template [2ms]
2023-07-11 23:58:46.467 [info] > git for-each-ref --format=%(refname)%00%(upstream:short)%00%(objectname)%00%(upstream:track)%00%(upstream:remotename)%00%(upstream:remoteref) refs/heads/main refs/remotes/main [1ms]
2023-07-11 23:58:46.482 [info] > git status -z -uall [14ms]
2023-07-11 23:58:51.489 [info] > git config --get commit.template [2ms]
2023-07-11 23:58:51.489 [info] > git for-each-ref --format=%(refname)%00%(upstream:short)%00%(objectname)%00%(upstream:track)%00%(upstream:remotename)%00%(upstream:remoteref) refs/heads/main refs/remotes/main [0ms]
2023-07-11 23:58:51.504 [info] > git status -z -uall [13ms]
2023-07-11 23:58:56.510 [info] > git config --get commit.template [2ms]
2023-07-11 23:58:56.511 [info] > git for-each-ref --format=%(refname)%00%(upstream:short)%00%(objectname)%00%(upstream:track)%00%(upstream:remotename)%00%(upstream:remoteref) refs/heads/main refs/remotes/main [1ms]
2023-07-11 23:58:56.526 [info] > git status -z -uall [14ms]
2023-07-11 23:59:01.532 [info] > git config --get commit.template [2ms]
2023-07-11 23:59:01.532 [info] > git for-each-ref --format=%(refname)%00%(upstream:short)%00%(objectname)%00%(upstream:track)%00%(upstream:remotename)%00%(upstream:remoteref) refs/heads/main refs/remotes/main [0ms]
2023-07-11 23:59:01.548 [info] > git status -z -uall [14ms]
2023-07-11 23:59:06.555 [info] > git config --get commit.template [2ms]
2023-07-11 23:59:06.556 [info] > git for-each-ref --format=%(refname)%00%(upstream:short)%00%(objectname)%00%(upstream:track)%00%(upstream:remotename)%00%(upstream:remoteref) refs/heads/main refs/remotes/main [1ms]
2023-07-11 23:59:06.571 [info] > git status -z -uall [14ms]
2023-07-11 23:59:11.577 [info] > git config --get commit.template [1ms]
2023-07-11 23:59:11.579 [info] > git for-each-ref --format=%(refname)%00%(upstream:short)%00%(objectname)%00%(upstream:track)%00%(upstream:remotename)%00%(upstream:remoteref) refs/heads/main refs/remotes/main [0ms]
2023-07-11 23:59:11.594 [info] > git status -z -uall [14ms]
2023-07-11 23:59:16.599 [info] > git config --get commit.template [0ms]
2023-07-11 23:59:16.601 [info] > git for-each-ref --format=%(refname)%00%(upstream:short)%00%(objectname)%00%(upstream:track)%00%(upstream:remotename)%00%(upstream:remoteref) refs/heads/main refs/remotes/main [0ms]
2023-07-11 23:59:16.617 [info] > git status -z -uall [14ms]
2023-07-11 23:59:21.624 [info] > git config --get commit.template [2ms]
2023-07-11 23:59:21.624 [info] > git for-each-ref --format=%(refname)%00%(upstream:short)%00%(objectname)%00%(upstream:track)%00%(upstream:remotename)%00%(upstream:remoteref) refs/heads/main refs/remotes/main [0ms]
2023-07-11 23:59:21.640 [info] > git status -z -uall [14ms]
2023-07-11 23:59:26.647 [info] > git config --get commit.template [2ms]
2023-07-11 23:59:26.648 [info] > git for-each-ref --format=%(refname)%00%(upstream:short)%00%(objectname)%00%(upstream:track)%00%(upstream:remotename)%00%(upstream:remoteref) refs/heads/main refs/remotes/main [1ms]
2023-07-11 23:59:26.663 [info] > git status -z -uall [14ms]
2023-07-11 23:59:31.671 [info] > git config --get commit.template [2ms]
2023-07-11 23:59:31.671 [info] > git for-each-ref --format=%(refname)%00%(upstream:short)%00%(objectname)%00%(upstream:track)%00%(upstream:remotename)%00%(upstream:remoteref) refs/heads/main refs/remotes/main [1ms]
2023-07-11 23:59:31.686 [info] > git status -z -uall [14ms]
2023-07-11 23:59:36.692 [info] > git config --get commit.template [2ms]
2023-07-11 23:59:36.693 [info] > git for-each-ref --format=%(refname)%00%(upstream:short)%00%(objectname)%00%(upstream:track)%00%(upstream:remotename)%00%(upstream:remoteref) refs/heads/main refs/remotes/main [1ms]
2023-07-11 23:59:36.708 [info] > git status -z -uall [14ms]
2023-07-11 23:59:41.715 [info] > git config --get commit.template [2ms]
2023-07-11 23:59:41.715 [info] > git for-each-ref --format=%(refname)%00%(upstream:short)%00%(objectname)%00%(upstream:track)%00%(upstream:remotename)%00%(upstream:remoteref) refs/heads/main refs/remotes/main [1ms]
2023-07-11 23:59:41.730 [info] > git status -z -uall [14ms]
2023-07-11 23:59:46.737 [info] > git config --get commit.template [2ms]
2023-07-11 23:59:46.737 [info] > git for-each-ref --format=%(refname)%00%(upstream:short)%00%(objectname)%00%(upstream:track)%00%(upstream:remotename)%00%(upstream:remoteref) refs/heads/main refs/remotes/main [1ms]
2023-07-11 23:59:46.752 [info] > git status -z -uall [14ms]
2023-07-11 23:59:51.760 [info] > git config --get commit.template [2ms]
2023-07-11 23:59:51.760 [info] > git for-each-ref --format=%(refname)%00%(upstream:short)%00%(objectname)%00%(upstream:track)%00%(upstream:remotename)%00%(upstream:remoteref) refs/heads/main refs/remotes/main [0ms]
2023-07-11 23:59:51.776 [info] > git status -z -uall [14ms]
2023-07-11 23:59:56.782 [info] > git config --get commit.template [2ms]
2023-07-11 23:59:56.783 [info] > git for-each-ref --format=%(refname)%00%(upstream:short)%00%(objectname)%00%(upstream:track)%00%(upstream:remotename)%00%(upstream:remoteref) refs/heads/main refs/remotes/main [1ms]
2023-07-11 23:59:56.798 [info] > git status -z -uall [14ms]
2023-07-12 00:00:01.805 [info] > git config --get commit.template [3ms]
2023-07-12 00:00:01.805 [info] > git for-each-ref --format=%(refname)%00%(upstream:short)%00%(objectname)%00%(upstream:track)%00%(upstream:remotename)%00%(upstream:remoteref) refs/heads/main refs/remotes/main [1ms]
2023-07-12 00:00:01.820 [info] > git status -z -uall [14ms]
2023-07-12 00:00:06.827 [info] > git config --get commit.template [2ms]
2023-07-12 00:00:06.827 [info] > git for-each-ref --format=%(refname)%00%(upstream:short)%00%(objectname)%00%(upstream:track)%00%(upstream:remotename)%00%(upstream:remoteref) refs/heads/main refs/remotes/main [0ms]
2023-07-12 00:00:06.842 [info] > git status -z -uall [13ms]
2023-07-12 00:00:11.850 [info] > git config --get commit.template [3ms]
2023-07-12 00:00:11.850 [info] > git for-each-ref --format=%(refname)%00%(upstream:short)%00%(objectname)%00%(upstream:track)%00%(upstream:remotename)%00%(upstream:remoteref) refs/heads/main refs/remotes/main [0ms]
2023-07-12 00:00:11.866 [info] > git status -z -uall [13ms]
2023-07-12 00:00:16.873 [info] > git config --get commit.template [3ms]
2023-07-12 00:00:16.873 [info] > git for-each-ref --format=%(refname)%00%(upstream:short)%00%(objectname)%00%(upstream:track)%00%(upstream:remotename)%00%(upstream:remoteref) refs/heads/main refs/remotes/main [1ms]
2023-07-12 00:00:16.883 [info] > git status -z -uall [9ms]
2023-07-12 00:00:21.890 [info] > git config --get commit.template [2ms]
2023-07-12 00:00:21.890 [info] > git for-each-ref --format=%(refname)%00%(upstream:short)%00%(objectname)%00%(upstream:track)%00%(upstream:remotename)%00%(upstream:remoteref) refs/heads/main refs/remotes/main [0ms]
2023-07-12 00:00:21.900 [info] > git status -z -uall [8ms]
2023-07-12 00:00:26.908 [info] > git config --get commit.template [2ms]
2023-07-12 00:00:26.909 [info] > git for-each-ref --format=%(refname)%00%(upstream:short)%00%(objectname)%00%(upstream:track)%00%(upstream:remotename)%00%(upstream:remoteref) refs/heads/main refs/remotes/main [0ms]
2023-07-12 00:00:26.919 [info] > git status -z -uall [8ms]
2023-07-12 00:00:31.927 [info] > git config --get commit.template [3ms]
2023-07-12 00:00:31.927 [info] > git for-each-ref --format=%(refname)%00%(upstream:short)%00%(objectname)%00%(upstream:track)%00%(upstream:remotename)%00%(upstream:remoteref) refs/heads/main refs/remotes/main [1ms]
2023-07-12 00:00:31.937 [info] > git status -z -uall [9ms]
2023-07-12 00:00:33.051 [info] > git check-ignore -v -z --stdin [0ms]
2023-07-12 00:00:36.945 [info] > git config --get commit.template [3ms]
2023-07-12 00:00:36.945 [info] > git for-each-ref --format=%(refname)%00%(upstream:short)%00%(objectname)%00%(upstream:track)%00%(upstream:remotename)%00%(upstream:remoteref) refs/heads/main refs/remotes/main [1ms]
2023-07-12 00:00:36.955 [info] > git status -z -uall [9ms]
2023-07-12 00:00:41.962 [info] > git config --get commit.template [2ms]
2023-07-12 00:00:41.962 [info] > git for-each-ref --format=%(refname)%00%(upstream:short)%00%(objectname)%00%(upstream:track)%00%(upstream:remotename)%00%(upstream:remoteref) refs/heads/main refs/remotes/main [0ms]
2023-07-12 00:00:41.972 [info] > git status -z -uall [8ms]
2023-07-12 00:00:44.444 [info] > git ls-files --stage -- /home/huang/star.c [1ms]
2023-07-12 00:00:44.446 [info] > git cat-file -s 79dcd0cc2f72dda46957d669ce77b3a5cddca3ae [0ms]
2023-07-12 00:00:44.479 [info] > git show --textconv :star.c [0ms]
2023-07-12 00:00:46.976 [info] > git config --get commit.template [0ms]
2023-07-12 00:00:46.979 [info] > git for-each-ref --format=%(refname)%00%(upstream:short)%00%(objectname)%00%(upstream:track)%00%(upstream:remotename)%00%(upstream:remoteref) refs/heads/main refs/remotes/main [1ms]
2023-07-12 00:00:46.984 [info] > git status -z -uall [3ms]
2023-07-12 00:00:51.992 [info] > git config --get commit.template [3ms]
2023-07-12 00:00:51.992 [info] > git for-each-ref --format=%(refname)%00%(upstream:short)%00%(objectname)%00%(upstream:track)%00%(upstream:remotename)%00%(upstream:remoteref) refs/heads/main refs/remotes/main [0ms]
2023-07-12 00:00:51.998 [info] > git status -z -uall [4ms]
2023-07-12 00:00:57.003 [info] > git config --get commit.template [0ms]
2023-07-12 00:00:57.006 [info] > git for-each-ref --format=%(refname)%00%(upstream:short)%00%(objectname)%00%(upstream:track)%00%(upstream:remotename)%00%(upstream:remoteref) refs/heads/main refs/remotes/main [0ms]
2023-07-12 00:00:57.011 [info] > git status -z -uall [4ms]
2023-07-12 00:01:01.737 [info] > git ls-files --stage -- /home/huang/star.c [1ms]
2023-07-12 00:01:01.739 [info] > git cat-file -s 79dcd0cc2f72dda46957d669ce77b3a5cddca3ae [0ms]
2023-07-12 00:01:01.753 [info] > git show --textconv :star.c [0ms]
2023-07-12 00:01:02.018 [info] > git config --get commit.template [2ms]
2023-07-12 00:01:02.018 [info] > git for-each-ref --format=%(refname)%00%(upstream:short)%00%(objectname)%00%(upstream:track)%00%(upstream:remotename)%00%(upstream:remoteref) refs/heads/main refs/remotes/main [1ms]
2023-07-12 00:01:02.023 [info] > git status -z -uall [4ms]
2023-07-12 00:01:07.031 [info] > git config --get commit.template [2ms]
2023-07-12 00:01:07.032 [info] > git for-each-ref --format=%(refname)%00%(upstream:short)%00%(objectname)%00%(upstream:track)%00%(upstream:remotename)%00%(upstream:remoteref) refs/heads/main refs/remotes/main [1ms]
2023-07-12 00:01:07.037 [info] > git status -z -uall [4ms]
2023-07-12 00:01:12.044 [info] > git config --get commit.template [3ms]
2023-07-12 00:01:12.044 [info] > git for-each-ref --format=%(refname)%00%(upstream:short)%00%(objectname)%00%(upstream:track)%00%(upstream:remotename)%00%(upstream:remoteref) refs/heads/main refs/remotes/main [0ms]
2023-07-12 00:01:12.050 [info] > git status -z -uall [4ms]
2023-07-12 00:01:14.469 [info] > git ls-files --stage -- /home/huang/star.c [1ms]
2023-07-12 00:01:14.472 [info] > git cat-file -s 79dcd0cc2f72dda46957d669ce77b3a5cddca3ae [1ms]
2023-07-12 00:01:14.488 [info] > git show --textconv :star.c [1ms]
2023-07-12 00:02:10.432 [info] > git config --get commit.template [2ms]
2023-07-12 00:02:10.432 [info] > git for-each-ref --format=%(refname)%00%(upstream:short)%00%(objectname)%00%(upstream:track)%00%(upstream:remotename)%00%(upstream:remoteref) refs/heads/main refs/remotes/main [0ms]
2023-07-12 00:02:10.438 [info] > git status -z -uall [3ms]
2023-07-12 00:02:15.445 [info] > git config --get commit.template [3ms]
2023-07-12 00:02:15.445 [info] > git for-each-ref --format=%(refname)%00%(upstream:short)%00%(objectname)%00%(upstream:track)%00%(upstream:remotename)%00%(upstream:remoteref) refs/heads/main refs/remotes/main [0ms]
2023-07-12 00:02:15.451 [info] > git status -z -uall [4ms]
2023-07-12 00:02:20.455 [info] > git config --get commit.template [0ms]
2023-07-12 00:02:20.457 [info] > git for-each-ref --format=%(refname)%00%(upstream:short)%00%(objectname)%00%(upstream:track)%00%(upstream:remotename)%00%(upstream:remoteref) refs/heads/main refs/remotes/main [1ms]
2023-07-12 00:02:20.462 [info] > git status -z -uall [3ms]
2023-07-12 00:02:24.909 [info] > git show --textconv :mwnl.c [3ms]
2023-07-12 00:02:24.909 [info] > git ls-files --stage -- /home/huang/mwnl.c [1ms]
2023-07-12 00:02:24.968 [info] > git check-ignore -v -z --stdin [1ms]
2023-07-12 00:02:25.467 [info] > git config --get commit.template [1ms]
2023-07-12 00:02:25.469 [info] > git for-each-ref --format=%(refname)%00%(upstream:short)%00%(objectname)%00%(upstream:track)%00%(upstream:remotename)%00%(upstream:remoteref) refs/heads/main refs/remotes/main [1ms]
2023-07-12 00:02:25.484 [info] > git status -z -uall [13ms]
2023-07-12 00:02:30.491 [info] > git config --get commit.template [2ms]
2023-07-12 00:02:30.491 [info] > git for-each-ref --format=%(refname)%00%(upstream:short)%00%(objectname)%00%(upstream:track)%00%(upstream:remotename)%00%(upstream:remoteref) refs/heads/main refs/remotes/main [0ms]
2023-07-12 00:02:30.506 [info] > git status -z -uall [13ms]
2023-07-12 00:02:35.512 [info] > git config --get commit.template [2ms]
2023-07-12 00:02:35.512 [info] > git for-each-ref --format=%(refname)%00%(upstream:short)%00%(objectname)%00%(upstream:track)%00%(upstream:remotename)%00%(upstream:remoteref) refs/heads/main refs/remotes/main [0ms]
2023-07-12 00:02:35.527 [info] > git status -z -uall [13ms]
2023-07-12 00:02:40.535 [info] > git config --get commit.template [2ms]
2023-07-12 00:02:40.536 [info] > git for-each-ref --format=%(refname)%00%(upstream:short)%00%(objectname)%00%(upstream:track)%00%(upstream:remotename)%00%(upstream:remoteref) refs/heads/main refs/remotes/main [1ms]
2023-07-12 00:02:40.551 [info] > git status -z -uall [14ms]
2023-07-12 00:02:45.557 [info] > git config --get commit.template [2ms]
2023-07-12 00:02:45.557 [info] > git for-each-ref --format=%(refname)%00%(upstream:short)%00%(objectname)%00%(upstream:track)%00%(upstream:remotename)%00%(upstream:remoteref) refs/heads/main refs/remotes/main [0ms]
2023-07-12 00:02:45.573 [info] > git status -z -uall [14ms]
2023-07-12 00:02:47.939 [info] > git ls-files --stage -- /home/huang/star.c [2ms]
2023-07-12 00:02:47.941 [info] > git ls-files --stage -- /home/huang/mwnl.c [2ms]
2023-07-12 00:02:47.943 [info] > git cat-file -s 79dcd0cc2f72dda46957d669ce77b3a5cddca3ae [2ms]
2023-07-12 00:02:47.943 [info] > git cat-file -s 79dcd0cc2f72dda46957d669ce77b3a5cddca3ae [1ms]
2023-07-12 00:02:48.039 [info] > git show --textconv :star.c [2ms]
2023-07-12 00:02:48.039 [info] > git show --textconv :mwnl.c [1ms]
2023-07-12 00:02:50.493 [info] > git ls-files --stage -- /home/huang/star.c [3ms]
2023-07-12 00:02:50.494 [info] > git ls-files --stage -- /home/huang/mwnl.c [2ms]
2023-07-12 00:02:50.496 [info] > git cat-file -s 79dcd0cc2f72dda46957d669ce77b3a5cddca3ae [2ms]
2023-07-12 00:02:50.497 [info] > git cat-file -s 79dcd0cc2f72dda46957d669ce77b3a5cddca3ae [1ms]
2023-07-12 00:02:50.516 [info] > git show --textconv :star.c [2ms]
2023-07-12 00:02:50.516 [info] > git show --textconv :mwnl.c [0ms]
2023-07-12 00:02:50.577 [info] > git config --get commit.template [2ms]
2023-07-12 00:02:50.577 [info] > git for-each-ref --format=%(refname)%00%(upstream:short)%00%(objectname)%00%(upstream:track)%00%(upstream:remotename)%00%(upstream:remoteref) refs/heads/main refs/remotes/main [0ms]
2023-07-12 00:02:50.592 [info] > git status -z -uall [13ms]
2023-07-12 00:02:55.599 [info] > git config --get commit.template [2ms]
2023-07-12 00:02:55.599 [info] > git for-each-ref --format=%(refname)%00%(upstream:short)%00%(objectname)%00%(upstream:track)%00%(upstream:remotename)%00%(upstream:remoteref) refs/heads/main refs/remotes/main [0ms]
2023-07-12 00:02:55.615 [info] > git status -z -uall [14ms]
2023-07-12 00:02:58.686 [info] > git ls-files --stage -- /home/huang/star.c [2ms]
2023-07-12 00:02:58.688 [info] > git ls-files --stage -- /home/huang/mwnl.c [2ms]
2023-07-12 00:02:58.690 [info] > git cat-file -s 79dcd0cc2f72dda46957d669ce77b3a5cddca3ae [2ms]
2023-07-12 00:02:58.690 [info] > git cat-file -s 79dcd0cc2f72dda46957d669ce77b3a5cddca3ae [1ms]
2023-07-12 00:02:58.718 [info] > git show --textconv :star.c [2ms]
2023-07-12 00:02:58.719 [info] > git show --textconv :mwnl.c [0ms]
2023-07-12 00:03:01.290 [info] > git config --get commit.template [1ms]
2023-07-12 00:03:01.292 [info] > git for-each-ref --format=%(refname)%00%(upstream:short)%00%(objectname)%00%(upstream:track)%00%(upstream:remotename)%00%(upstream:remoteref) refs/heads/main refs/remotes/main [0ms]
2023-07-12 00:03:01.307 [info] > git status -z -uall [13ms]
2023-07-12 00:03:14.296 [info] > git config --get commit.template [2ms]
2023-07-12 00:03:14.297 [info] > git for-each-ref --format=%(refname)%00%(upstream:short)%00%(objectname)%00%(upstream:track)%00%(upstream:remotename)%00%(upstream:remoteref) refs/heads/main refs/remotes/main [1ms]
2023-07-12 00:03:14.312 [info] > git status -z -uall [14ms]
2023-07-12 00:03:19.316 [info] > git config --get commit.template [0ms]
2023-07-12 00:03:19.319 [info] > git for-each-ref --format=%(refname)%00%(upstream:short)%00%(objectname)%00%(upstream:track)%00%(upstream:remotename)%00%(upstream:remoteref) refs/heads/main refs/remotes/main [1ms]
2023-07-12 00:03:19.334 [info] > git status -z -uall [14ms]
2023-07-12 00:03:24.340 [info] > git config --get commit.template [2ms]
2023-07-12 00:03:24.340 [info] > git for-each-ref --format=%(refname)%00%(upstream:short)%00%(objectname)%00%(upstream:track)%00%(upstream:remotename)%00%(upstream:remoteref) refs/heads/main refs/remotes/main [0ms]
2023-07-12 00:03:24.355 [info] > git status -z -uall [13ms]
2023-07-12 00:03:29.362 [info] > git config --get commit.template [2ms]
2023-07-12 00:03:29.363 [info] > git for-each-ref --format=%(refname)%00%(upstream:short)%00%(objectname)%00%(upstream:track)%00%(upstream:remotename)%00%(upstream:remoteref) refs/heads/main refs/remotes/main [1ms]
2023-07-12 00:03:29.378 [info] > git status -z -uall [14ms]
2023-07-12 00:03:34.383 [info] > git config --get commit.template [1ms]
2023-07-12 00:03:34.385 [info] > git for-each-ref --format=%(refname)%00%(upstream:short)%00%(objectname)%00%(upstream:track)%00%(upstream:remotename)%00%(upstream:remoteref) refs/heads/main refs/remotes/main [0ms]
2023-07-12 00:03:34.400 [info] > git status -z -uall [13ms]
2023-07-12 00:03:39.405 [info] > git config --get commit.template [1ms]
2023-07-12 00:03:39.407 [info] > git for-each-ref --format=%(refname)%00%(upstream:short)%00%(objectname)%00%(upstream:track)%00%(upstream:remotename)%00%(upstream:remoteref) refs/heads/main refs/remotes/main [0ms]
2023-07-12 00:03:39.422 [info] > git status -z -uall [13ms]
2023-07-12 00:03:44.426 [info] > git config --get commit.template [0ms]
2023-07-12 00:03:44.428 [info] > git for-each-ref --format=%(refname)%00%(upstream:short)%00%(objectname)%00%(upstream:track)%00%(upstream:remotename)%00%(upstream:remoteref) refs/heads/main refs/remotes/main [0ms]
2023-07-12 00:03:44.444 [info] > git status -z -uall [14ms]
2023-07-12 00:03:49.448 [info] > git config --get commit.template [1ms]
2023-07-12 00:03:49.450 [info] > git for-each-ref --format=%(refname)%00%(upstream:short)%00%(objectname)%00%(upstream:track)%00%(upstream:remotename)%00%(upstream:remoteref) refs/heads/main refs/remotes/main [0ms]
2023-07-12 00:03:49.465 [info] > git status -z -uall [13ms]
2023-07-12 00:03:54.472 [info] > git config --get commit.template [3ms]
2023-07-12 00:03:54.472 [info] > git for-each-ref --format=%(refname)%00%(upstream:short)%00%(objectname)%00%(upstream:track)%00%(upstream:remotename)%00%(upstream:remoteref) refs/heads/main refs/remotes/main [1ms]
2023-07-12 00:03:54.487 [info] > git status -z -uall [13ms]
2023-07-12 00:03:59.495 [info] > git config --get commit.template [2ms]
2023-07-12 00:03:59.495 [info] > git for-each-ref --format=%(refname)%00%(upstream:short)%00%(objectname)%00%(upstream:track)%00%(upstream:remotename)%00%(upstream:remoteref) refs/heads/main refs/remotes/main [1ms]
2023-07-12 00:03:59.510 [info] > git status -z -uall [14ms]
2023-07-12 00:04:04.517 [info] > git config --get commit.template [2ms]
2023-07-12 00:04:04.517 [info] > git for-each-ref --format=%(refname)%00%(upstream:short)%00%(objectname)%00%(upstream:track)%00%(upstream:remotename)%00%(upstream:remoteref) refs/heads/main refs/remotes/main [0ms]
2023-07-12 00:04:04.532 [info] > git status -z -uall [13ms]
2023-07-12 00:04:08.540 [info] > git ls-files --stage -- /home/huang/mwnl.c [1ms]
2023-07-12 00:04:08.540 [info] fatal: not a git repository (or any of the parent directories): .git
2023-07-12 00:04:08.542 [info] > git ls-files --stage -- /home/huang/star.c [5ms]
2023-07-12 00:04:08.542 [info] fatal: not a git repository (or any of the parent directories): .git
2023-07-12 00:09:14.267 [info] > git rev-parse --show-toplevel [1ms]
2023-07-12 00:09:14.269 [info] > git rev-parse --git-dir --git-common-dir [0ms]
2023-07-12 00:09:14.272 [info] Open repository: /home/huang
2023-07-12 00:09:14.277 [info] > git config --get commit.template [2ms]
2023-07-12 00:09:14.277 [info] No remotes found in the git config file.
2023-07-12 00:09:14.277 [info] > git for-each-ref --format=%(refname)%00%(upstream:short)%00%(objectname)%00%(upstream:track)%00%(upstream:remotename)%00%(upstream:remoteref) refs/heads/master refs/remotes/master [1ms]
2023-07-12 00:09:14.283 [info] > git status -z -uall [5ms]
2023-07-12 00:09:14.300 [info] No remotes found in the git config file.
2023-07-12 00:09:14.301 [info] > git config --get commit.template [3ms]
2023-07-12 00:09:14.301 [info] > git for-each-ref --format=%(refname)%00%(upstream:short)%00%(objectname)%00%(upstream:track)%00%(upstream:remotename)%00%(upstream:remoteref) refs/heads/master refs/remotes/master [1ms]
2023-07-12 00:09:14.307 [info] > git status -z -uall [5ms]
2023-07-12 00:09:14.929 [info] > git check-ignore -v -z --stdin [1ms]
2023-07-12 00:09:16.586 [info] No remotes found in the git config file.
2023-07-12 00:09:16.586 [info] > git config --get commit.template [3ms]
2023-07-12 00:09:16.586 [info] > git for-each-ref --format=%(refname)%00%(upstream:short)%00%(objectname)%00%(upstream:track)%00%(upstream:remotename)%00%(upstream:remoteref) refs/heads/master refs/remotes/master [0ms]
2023-07-12 00:09:16.592 [info] > git status -z -uall [3ms]
2023-07-12 00:09:21.604 [info] No remotes found in the git config file.
2023-07-12 00:09:21.606 [info] > git config --get commit.template [3ms]
2023-07-12 00:09:21.606 [info] > git for-each-ref --format=%(refname)%00%(upstream:short)%00%(objectname)%00%(upstream:track)%00%(upstream:remotename)%00%(upstream:remoteref) refs/heads/master refs/remotes/master [0ms]
2023-07-12 00:09:21.612 [info] > git status -z -uall [4ms]
2023-07-12 00:09:34.125 [info] No remotes found in the git config file.
2023-07-12 00:09:34.128 [info] > git config --get commit.template [3ms]
2023-07-12 00:09:34.128 [info] > git for-each-ref --format=%(refname)%00%(upstream:short)%00%(objectname)%00%(upstream:track)%00%(upstream:remotename)%00%(upstream:remoteref) refs/heads/master refs/remotes/master [0ms]
2023-07-12 00:09:34.134 [info] > git status -z -uall [4ms]
2023-07-12 00:09:39.146 [info] > git config --get commit.template [1ms]
2023-07-12 00:09:39.149 [info] No remotes found in the git config file.
2023-07-12 00:09:39.149 [info] > git for-each-ref --format=%(refname)%00%(upstream:short)%00%(objectname)%00%(upstream:track)%00%(upstream:remotename)%00%(upstream:remoteref) refs/heads/master refs/remotes/master [1ms]
2023-07-12 00:09:39.155 [info] > git status -z -uall [4ms]
2023-07-12 00:09:44.166 [info] > git config --get commit.template [1ms]
2023-07-12 00:09:44.168 [info] No remotes found in the git config file.
2023-07-12 00:09:44.169 [info] > git for-each-ref --format=%(refname)%00%(upstream:short)%00%(objectname)%00%(upstream:track)%00%(upstream:remotename)%00%(upstream:remoteref) refs/heads/master refs/remotes/master [0ms]
2023-07-12 00:09:44.174 [info] > git status -z -uall [3ms]
2023-07-12 00:09:49.188 [info] No remotes found in the git config file.
2023-07-12 00:09:49.188 [info] > git config --get commit.template [3ms]
2023-07-12 00:09:49.188 [info] > git for-each-ref --format=%(refname)%00%(upstream:short)%00%(objectname)%00%(upstream:track)%00%(upstream:remotename)%00%(upstream:remoteref) refs/heads/master refs/remotes/master [0ms]
2023-07-12 00:09:49.194 [info] > git status -z -uall [4ms]
2023-07-12 00:09:54.205 [info] > git config --get commit.template [0ms]
2023-07-12 00:09:54.207 [info] No remotes found in the git config file.
2023-07-12 00:09:54.208 [info] > git for-each-ref --format=%(refname)%00%(upstream:short)%00%(objectname)%00%(upstream:track)%00%(upstream:remotename)%00%(upstream:remoteref) refs/heads/master refs/remotes/master [1ms]
2023-07-12 00:09:54.214 [info] > git status -z -uall [5ms]
2023-07-12 00:09:59.229 [info] No remotes found in the git config file.
2023-07-12 00:09:59.229 [info] > git config --get commit.template [3ms]
2023-07-12 00:09:59.229 [info] > git for-each-ref --format=%(refname)%00%(upstream:short)%00%(objectname)%00%(upstream:track)%00%(upstream:remotename)%00%(upstream:remoteref) refs/heads/master refs/remotes/master [0ms]
2023-07-12 00:09:59.235 [info] > git status -z -uall [4ms]
2023-07-12 00:10:04.115 [info] > git ls-files --stage -- /home/huang/star.c [3ms]
2023-07-12 00:10:04.117 [info] > git ls-files --stage -- /home/huang/mwnl.c [2ms]
2023-07-12 00:10:04.119 [info] > git cat-file -s 79dcd0cc2f72dda46957d669ce77b3a5cddca3ae [2ms]
2023-07-12 00:10:04.120 [info] > git cat-file -s 79dcd0cc2f72dda46957d669ce77b3a5cddca3ae [1ms]
2023-07-12 00:10:04.248 [info] No remotes found in the git config file.
2023-07-12 00:10:04.249 [info] > git config --get commit.template [4ms]
2023-07-12 00:10:04.249 [info] > git for-each-ref --format=%(refname)%00%(upstream:short)%00%(objectname)%00%(upstream:track)%00%(upstream:remotename)%00%(upstream:remoteref) refs/heads/master refs/remotes/master [1ms]
2023-07-12 00:10:04.255 [info] > git status -z -uall [4ms]
2023-07-12 00:10:04.269 [info] > git show --textconv :star.c [3ms]
2023-07-12 00:10:04.269 [info] > git show --textconv :mwnl.c [1ms]
2023-07-12 00:10:09.268 [info] No remotes found in the git config file.
2023-07-12 00:10:09.268 [info] > git config --get commit.template [3ms]
2023-07-12 00:10:09.268 [info] > git for-each-ref --format=%(refname)%00%(upstream:short)%00%(objectname)%00%(upstream:track)%00%(upstream:remotename)%00%(upstream:remoteref) refs/heads/master refs/remotes/master [0ms]
2023-07-12 00:10:09.274 [info] > git status -z -uall [4ms]
2023-07-12 00:10:14.289 [info] > git config --get commit.template [3ms]
2023-07-12 00:10:14.289 [info] No remotes found in the git config file.
2023-07-12 00:10:14.289 [info] > git for-each-ref --format=%(refname)%00%(upstream:short)%00%(objectname)%00%(upstream:track)%00%(upstream:remotename)%00%(upstream:remoteref) refs/heads/master refs/remotes/master [1ms]
2023-07-12 00:10:14.295 [info] > git status -z -uall [4ms]
2023-07-12 00:10:19.309 [info] No remotes found in the git config file.
2023-07-12 00:10:19.309 [info] > git config --get commit.template [3ms]
2023-07-12 00:10:19.309 [info] > git for-each-ref --format=%(refname)%00%(upstream:short)%00%(objectname)%00%(upstream:track)%00%(upstream:remotename)%00%(upstream:remoteref) refs/heads/master refs/remotes/master [0ms]
2023-07-12 00:10:19.315 [info] > git status -z -uall [4ms]
2023-07-12 00:10:24.329 [info] No remotes found in the git config file.
2023-07-12 00:10:24.329 [info] > git config --get commit.template [3ms]
2023-07-12 00:10:24.330 [info] > git for-each-ref --format=%(refname)%00%(upstream:short)%00%(objectname)%00%(upstream:track)%00%(upstream:remotename)%00%(upstream:remoteref) refs/heads/master refs/remotes/master [1ms]
2023-07-12 00:10:24.335 [info] > git status -z -uall [3ms]
2023-07-12 00:10:29.350 [info] No remotes found in the git config file.
2023-07-12 00:10:29.350 [info] > git config --get commit.template [4ms]
2023-07-12 00:10:29.350 [info] > git for-each-ref --format=%(refname)%00%(upstream:short)%00%(objectname)%00%(upstream:track)%00%(upstream:remotename)%00%(upstream:remoteref) refs/heads/master refs/remotes/master [1ms]
2023-07-12 00:10:29.358 [info] > git status -z -uall [6ms]
2023-07-12 00:10:34.371 [info] No remotes found in the git config file.
2023-07-12 00:10:34.371 [info] > git config --get commit.template [3ms]
2023-07-12 00:10:34.372 [info] > git for-each-ref --format=%(refname)%00%(upstream:short)%00%(objectname)%00%(upstream:track)%00%(upstream:remotename)%00%(upstream:remoteref) refs/heads/master refs/remotes/master [1ms]
2023-07-12 00:10:34.377 [info] > git status -z -uall [3ms]
2023-07-12 00:10:34.687 [info] > git ls-files --stage -- /home/huang/star.c [3ms]
2023-07-12 00:10:34.689 [info] > git ls-files --stage -- /home/huang/mwnl.c [2ms]
2023-07-12 00:10:34.691 [info] > git cat-file -s 79dcd0cc2f72dda46957d669ce77b3a5cddca3ae [2ms]
2023-07-12 00:10:34.692 [info] > git cat-file -s 79dcd0cc2f72dda46957d669ce77b3a5cddca3ae [1ms]
2023-07-12 00:10:34.710 [info] > git show --textconv :star.c [2ms]
2023-07-12 00:10:34.711 [info] > git show --textconv :mwnl.c [1ms]
2023-07-12 00:10:39.384 [info] No remotes found in the git config file.
2023-07-12 00:10:39.387 [info] > git config --get commit.template [3ms]
2023-07-12 00:10:39.387 [info] > git for-each-ref --format=%(refname)%00%(upstream:short)%00%(objectname)%00%(upstream:track)%00%(upstream:remotename)%00%(upstream:remoteref) refs/heads/master refs/remotes/master [0ms]
2023-07-12 00:10:39.392 [info] > git status -z -uall [3ms]
2023-07-12 00:10:44.399 [info] No remotes found in the git config file.
2023-07-12 00:10:44.400 [info] > git config --get commit.template [3ms]
2023-07-12 00:10:44.400 [info] > git for-each-ref --format=%(refname)%00%(upstream:short)%00%(objectname)%00%(upstream:track)%00%(upstream:remotename)%00%(upstream:remoteref) refs/heads/master refs/remotes/master [1ms]
2023-07-12 00:10:44.405 [info] > git status -z -uall [3ms]
2023-07-12 00:10:49.413 [info] No remotes found in the git config file.
2023-07-12 00:10:49.413 [info] > git config --get commit.template [3ms]
2023-07-12 00:10:49.413 [info] > git for-each-ref --format=%(refname)%00%(upstream:short)%00%(objectname)%00%(upstream:track)%00%(upstream:remotename)%00%(upstream:remoteref) refs/heads/master refs/remotes/master [0ms]
2023-07-12 00:10:49.418 [info] > git status -z -uall [3ms]
2023-07-12 00:10:54.424 [info] > git config --get commit.template [0ms]
2023-07-12 00:10:54.427 [info] No remotes found in the git config file.
2023-07-12 00:10:54.427 [info] > git for-each-ref --format=%(refname)%00%(upstream:short)%00%(objectname)%00%(upstream:track)%00%(upstream:remotename)%00%(upstream:remoteref) refs/heads/master refs/remotes/master [0ms]
2023-07-12 00:10:54.432 [info] > git status -z -uall [3ms]
2023-07-12 00:10:59.440 [info] No remotes found in the git config file.
2023-07-12 00:10:59.440 [info] > git config --get commit.template [3ms]
2023-07-12 00:10:59.440 [info] > git for-each-ref --format=%(refname)%00%(upstream:short)%00%(objectname)%00%(upstream:track)%00%(upstream:remotename)%00%(upstream:remoteref) refs/heads/master refs/remotes/master [0ms]
2023-07-12 00:10:59.446 [info] > git status -z -uall [4ms]
2023-07-12 00:11:04.454 [info] No remotes found in the git config file.
2023-07-12 00:11:04.455 [info] > git config --get commit.template [3ms]
2023-07-12 00:11:04.455 [info] > git for-each-ref --format=%(refname)%00%(upstream:short)%00%(objectname)%00%(upstream:track)%00%(upstream:remotename)%00%(upstream:remoteref) refs/heads/master refs/remotes/master [1ms]
2023-07-12 00:11:04.461 [info] > git status -z -uall [4ms]
2023-07-12 00:11:09.470 [info] No remotes found in the git config file.
2023-07-12 00:11:09.470 [info] > git config --get commit.template [3ms]
2023-07-12 00:11:09.470 [info] > git for-each-ref --format=%(refname)%00%(upstream:short)%00%(objectname)%00%(upstream:track)%00%(upstream:remotename)%00%(upstream:remoteref) refs/heads/master refs/remotes/master [0ms]
2023-07-12 00:11:09.476 [info] > git status -z -uall [4ms]
2023-07-12 00:11:14.483 [info] No remotes found in the git config file.
2023-07-12 00:11:14.484 [info] > git config --get commit.template [2ms]
2023-07-12 00:11:14.484 [info] > git for-each-ref --format=%(refname)%00%(upstream:short)%00%(objectname)%00%(upstream:track)%00%(upstream:remotename)%00%(upstream:remoteref) refs/heads/master refs/remotes/master [1ms]
2023-07-12 00:11:14.490 [info] > git status -z -uall [4ms]
2023-07-12 00:11:19.498 [info] No remotes found in the git config file.
2023-07-12 00:11:19.498 [info] > git config --get commit.template [3ms]
2023-07-12 00:11:19.499 [info] > git for-each-ref --format=%(refname)%00%(upstream:short)%00%(objectname)%00%(upstream:track)%00%(upstream:remotename)%00%(upstream:remoteref) refs/heads/master refs/remotes/master [1ms]
2023-07-12 00:11:19.504 [info] > git status -z -uall [4ms]
2023-07-12 00:11:24.511 [info] No remotes found in the git config file.
2023-07-12 00:11:24.512 [info] > git config --get commit.template [2ms]
2023-07-12 00:11:24.512 [info] > git for-each-ref --format=%(refname)%00%(upstream:short)%00%(objectname)%00%(upstream:track)%00%(upstream:remotename)%00%(upstream:remoteref) refs/heads/master refs/remotes/master [1ms]
2023-07-12 00:11:24.517 [info] > git status -z -uall [3ms]
2023-07-12 00:11:29.525 [info] No remotes found in the git config file.
2023-07-12 00:11:29.525 [info] > git config --get commit.template [3ms]
2023-07-12 00:11:29.525 [info] > git for-each-ref --format=%(refname)%00%(upstream:short)%00%(objectname)%00%(upstream:track)%00%(upstream:remotename)%00%(upstream:remoteref) refs/heads/master refs/remotes/master [0ms]
2023-07-12 00:11:29.531 [info] > git status -z -uall [4ms]
2023-07-12 00:11:34.538 [info] No remotes found in the git config file.
2023-07-12 00:11:34.538 [info] > git config --get commit.template [3ms]
2023-07-12 00:11:34.538 [info] > git for-each-ref --format=%(refname)%00%(upstream:short)%00%(objectname)%00%(upstream:track)%00%(upstream:remotename)%00%(upstream:remoteref) refs/heads/master refs/remotes/master [0ms]
2023-07-12 00:11:34.544 [info] > git status -z -uall [3ms]
2023-07-12 00:11:39.550 [info] No remotes found in the git config file.
2023-07-12 00:11:39.551 [info] > git config --get commit.template [4ms]
2023-07-12 00:11:39.551 [info] > git for-each-ref --format=%(refname)%00%(upstream:short)%00%(objectname)%00%(upstream:track)%00%(upstream:remotename)%00%(upstream:remoteref) refs/heads/master refs/remotes/master [1ms]
2023-07-12 00:11:39.556 [info] > git status -z -uall [3ms]
2023-07-12 00:11:44.564 [info] No remotes found in the git config file.
2023-07-12 00:11:44.564 [info] > git config --get commit.template [3ms]
2023-07-12 00:11:44.565 [info] > git for-each-ref --format=%(refname)%00%(upstream:short)%00%(objectname)%00%(upstream:track)%00%(upstream:remotename)%00%(upstream:remoteref) refs/heads/master refs/remotes/master [1ms]
2023-07-12 00:11:44.571 [info] > git status -z -uall [4ms]
2023-07-12 00:11:49.576 [info] No remotes found in the git config file.
2023-07-12 00:11:49.577 [info] > git config --get commit.template [3ms]
2023-07-12 00:11:49.577 [info] > git for-each-ref --format=%(refname)%00%(upstream:short)%00%(objectname)%00%(upstream:track)%00%(upstream:remotename)%00%(upstream:remoteref) refs/heads/master refs/remotes/master [1ms]
2023-07-12 00:11:49.582 [info] > git status -z -uall [4ms]
2023-07-12 00:11:54.589 [info] No remotes found in the git config file.
2023-07-12 00:11:54.589 [info] > git config --get commit.template [3ms]
2023-07-12 00:11:54.589 [info] > git for-each-ref --format=%(refname)%00%(upstream:short)%00%(objectname)%00%(upstream:track)%00%(upstream:remotename)%00%(upstream:remoteref) refs/heads/master refs/remotes/master [1ms]
2023-07-12 00:11:54.594 [info] > git status -z -uall [3ms]
2023-07-12 00:11:59.602 [info] No remotes found in the git config file.
2023-07-12 00:11:59.602 [info] > git config --get commit.template [3ms]
2023-07-12 00:11:59.602 [info] > git for-each-ref --format=%(refname)%00%(upstream:short)%00%(objectname)%00%(upstream:track)%00%(upstream:remotename)%00%(upstream:remoteref) refs/heads/master refs/remotes/master [0ms]
2023-07-12 00:11:59.608 [info] > git status -z -uall [4ms]
2023-07-12 00:12:04.612 [info] No remotes found in the git config file.
2023-07-12 00:12:04.614 [info] > git config --get commit.template [3ms]
2023-07-12 00:12:04.614 [info] > git for-each-ref --format=%(refname)%00%(upstream:short)%00%(objectname)%00%(upstream:track)%00%(upstream:remotename)%00%(upstream:remoteref) refs/heads/master refs/remotes/master [1ms]
2023-07-12 00:12:04.619 [info] > git status -z -uall [3ms]
2023-07-12 00:12:09.626 [info] No remotes found in the git config file.
2023-07-12 00:12:09.627 [info] > git config --get commit.template [3ms]
2023-07-12 00:12:09.627 [info] > git for-each-ref --format=%(refname)%00%(upstream:short)%00%(objectname)%00%(upstream:track)%00%(upstream:remotename)%00%(upstream:remoteref) refs/heads/master refs/remotes/master [1ms]
2023-07-12 00:12:09.633 [info] > git status -z -uall [4ms]
2023-07-12 00:12:14.639 [info] No remotes found in the git config file.
2023-07-12 00:12:14.639 [info] > git for-each-ref --format=%(refname)%00%(upstream:short)%00%(objectname)%00%(upstream:track)%00%(upstream:remotename)%00%(upstream:remoteref) refs/heads/master refs/remotes/master [1ms]
2023-07-12 00:12:14.639 [info] > git config --get commit.template [3ms]
2023-07-12 00:12:14.645 [info] > git status -z -uall [3ms]
2023-07-12 00:12:19.651 [info] No remotes found in the git config file.
2023-07-12 00:12:19.651 [info] > git for-each-ref --format=%(refname)%00%(upstream:short)%00%(objectname)%00%(upstream:track)%00%(upstream:remotename)%00%(upstream:remoteref) refs/heads/master refs/remotes/master [0ms]
2023-07-12 00:12:19.651 [info] > git config --get commit.template [3ms]
2023-07-12 00:12:19.657 [info] > git status -z -uall [4ms]
2023-07-12 00:12:30.288 [info] No remotes found in the git config file.
2023-07-12 00:12:30.288 [info] > git config --get commit.template [2ms]
2023-07-12 00:12:30.289 [info] > git for-each-ref --format=%(refname)%00%(upstream:short)%00%(objectname)%00%(upstream:track)%00%(upstream:remotename)%00%(upstream:remoteref) refs/heads/master refs/remotes/master [1ms]
2023-07-12 00:12:30.294 [info] > git status -z -uall [4ms]
2023-07-12 00:12:35.300 [info] No remotes found in the git config file.
2023-07-12 00:12:35.302 [info] > git config --get commit.template [3ms]
2023-07-12 00:12:35.302 [info] > git for-each-ref --format=%(refname)%00%(upstream:short)%00%(objectname)%00%(upstream:track)%00%(upstream:remotename)%00%(upstream:remoteref) refs/heads/master refs/remotes/master [0ms]
2023-07-12 00:12:35.308 [info] > git status -z -uall [4ms]
2023-07-12 00:12:51.324 [info] No remotes found in the git config file.
2023-07-12 00:12:51.326 [info] > git config --get commit.template [2ms]
2023-07-12 00:12:51.327 [info] > git for-each-ref --format=%(refname)%00%(upstream:short)%00%(objectname)%00%(upstream:track)%00%(upstream:remotename)%00%(upstream:remoteref) refs/heads/master refs/remotes/master [1ms]
2023-07-12 00:12:51.332 [info] > git status -z -uall [3ms]
2023-07-12 00:12:56.338 [info] No remotes found in the git config file.
2023-07-12 00:12:56.338 [info] > git config --get commit.template [2ms]
2023-07-12 00:12:56.339 [info] > git for-each-ref --format=%(refname)%00%(upstream:short)%00%(objectname)%00%(upstream:track)%00%(upstream:remotename)%00%(upstream:remoteref) refs/heads/master refs/remotes/master [1ms]
2023-07-12 00:12:56.344 [info] > git status -z -uall [4ms]
2023-07-12 00:12:59.346 [info] > git ls-files --stage -- /home/huang/star.c [2ms]
2023-07-12 00:12:59.347 [info] > git ls-files --stage -- /home/huang/mwnl.c [2ms]
2023-07-12 00:12:59.349 [info] > git cat-file -s 79dcd0cc2f72dda46957d669ce77b3a5cddca3ae [2ms]
2023-07-12 00:12:59.349 [info] > git cat-file -s 79dcd0cc2f72dda46957d669ce77b3a5cddca3ae [0ms]
2023-07-12 00:12:59.370 [info] > git show --textconv :star.c [2ms]
2023-07-12 00:12:59.370 [info] > git show --textconv :mwnl.c [0ms]
2023-07-12 00:13:01.350 [info] > git config --get commit.template [0ms]
2023-07-12 00:13:01.352 [info] No remotes found in the git config file.
2023-07-12 00:13:01.352 [info] > git for-each-ref --format=%(refname)%00%(upstream:short)%00%(objectname)%00%(upstream:track)%00%(upstream:remotename)%00%(upstream:remoteref) refs/heads/master refs/remotes/master [0ms]
2023-07-12 00:13:01.357 [info] > git status -z -uall [3ms]
2023-07-12 00:13:06.364 [info] No remotes found in the git config file.
2023-07-12 00:13:06.364 [info] > git config --get commit.template [2ms]
2023-07-12 00:13:06.365 [info] > git for-each-ref --format=%(refname)%00%(upstream:short)%00%(objectname)%00%(upstream:track)%00%(upstream:remotename)%00%(upstream:remoteref) refs/heads/master refs/remotes/master [1ms]
2023-07-12 00:13:06.370 [info] > git status -z -uall [4ms]
2023-07-12 00:13:11.376 [info] No remotes found in the git config file.
2023-07-12 00:13:11.376 [info] > git config --get commit.template [3ms]
2023-07-12 00:13:11.376 [info] > git for-each-ref --format=%(refname)%00%(upstream:short)%00%(objectname)%00%(upstream:track)%00%(upstream:remotename)%00%(upstream:remoteref) refs/heads/master refs/remotes/master [0ms]
2023-07-12 00:13:11.381 [info] > git status -z -uall [3ms]
2023-07-12 00:13:16.386 [info] > git config --get commit.template [0ms]
2023-07-12 00:13:16.388 [info] No remotes found in the git config file.
2023-07-12 00:13:16.389 [info] > git for-each-ref --format=%(refname)%00%(upstream:short)%00%(objectname)%00%(upstream:track)%00%(upstream:remotename)%00%(upstream:remoteref) refs/heads/master refs/remotes/master [0ms]
2023-07-12 00:13:16.394 [info] > git status -z -uall [4ms]
2023-07-12 00:13:20.559 [info] > git ls-files --stage -- /home/huang/star.c [3ms]
2023-07-12 00:13:20.561 [info] > git ls-files --stage -- /home/huang/mwnl.c [2ms]
2023-07-12 00:13:20.563 [info] > git cat-file -s 79dcd0cc2f72dda46957d669ce77b3a5cddca3ae [2ms]
2023-07-12 00:13:20.563 [info] > git cat-file -s 79dcd0cc2f72dda46957d669ce77b3a5cddca3ae [1ms]
2023-07-12 00:13:20.774 [info] > git show --textconv :star.c [2ms]
2023-07-12 00:13:20.774 [info] > git show --textconv :mwnl.c [0ms]
2023-07-12 00:13:21.400 [info] No remotes found in the git config file.
2023-07-12 00:13:21.400 [info] > git config --get commit.template [2ms]
2023-07-12 00:13:21.400 [info] > git for-each-ref --format=%(refname)%00%(upstream:short)%00%(objectname)%00%(upstream:track)%00%(upstream:remotename)%00%(upstream:remoteref) refs/heads/master refs/remotes/master [0ms]
2023-07-12 00:13:21.406 [info] > git status -z -uall [4ms]
2023-07-12 00:13:26.411 [info] > git config --get commit.template [0ms]
2023-07-12 00:13:26.413 [info] No remotes found in the git config file.
2023-07-12 00:13:26.413 [info] > git for-each-ref --format=%(refname)%00%(upstream:short)%00%(objectname)%00%(upstream:track)%00%(upstream:remotename)%00%(upstream:remoteref) refs/heads/master refs/remotes/master [1ms]
2023-07-12 00:13:26.418 [info] > git status -z -uall [4ms]
2023-07-12 00:13:31.426 [info] No remotes found in the git config file.
2023-07-12 00:13:31.426 [info] > git config --get commit.template [3ms]
2023-07-12 00:13:31.426 [info] > git for-each-ref --format=%(refname)%00%(upstream:short)%00%(objectname)%00%(upstream:track)%00%(upstream:remotename)%00%(upstream:remoteref) refs/heads/master refs/remotes/master [1ms]
2023-07-12 00:13:31.431 [info] > git status -z -uall [3ms]
2023-07-12 00:13:36.436 [info] No remotes found in the git config file.
2023-07-12 00:13:36.438 [info] > git config --get commit.template [2ms]
2023-07-12 00:13:36.438 [info] > git for-each-ref --format=%(refname)%00%(upstream:short)%00%(objectname)%00%(upstream:track)%00%(upstream:remotename)%00%(upstream:remoteref) refs/heads/master refs/remotes/master [0ms]
2023-07-12 00:13:36.444 [info] > git status -z -uall [4ms]
2023-07-12 00:13:41.448 [info] > git config --get commit.template [0ms]
2023-07-12 00:13:41.451 [info] No remotes found in the git config file.
2023-07-12 00:13:41.451 [info] > git for-each-ref --format=%(refname)%00%(upstream:short)%00%(objectname)%00%(upstream:track)%00%(upstream:remotename)%00%(upstream:remoteref) refs/heads/master refs/remotes/master [0ms]
2023-07-12 00:13:41.457 [info] > git status -z -uall [4ms]
2023-07-12 00:13:46.463 [info] No remotes found in the git config file.
2023-07-12 00:13:46.463 [info] > git config --get commit.template [2ms]
2023-07-12 00:13:46.463 [info] > git for-each-ref --format=%(refname)%00%(upstream:short)%00%(objectname)%00%(upstream:track)%00%(upstream:remotename)%00%(upstream:remoteref) refs/heads/master refs/remotes/master [0ms]
2023-07-12 00:13:46.469 [info] > git status -z -uall [4ms]
2023-07-12 00:13:51.474 [warning] ENOENT: no such file or directory, open '/home/huang/.git/HEAD'
2023-07-12 00:13:51.476 [warning] getRemotes() - ENOENT: no such file or directory, open '/home/huang/.git/config'
2023-07-12 00:13:51.478 [info] > git symbolic-ref --short HEAD [4ms]
2023-07-12 00:13:51.478 [info] fatal: not a git repository (or any of the parent directories): .git
2023-07-12 00:13:51.479 [info] > git config --get commit.template [2ms]
2023-07-12 00:13:51.479 [info] > git remote --verbose [3ms]
2023-07-12 00:13:51.479 [info] fatal: not a git repository (or any of the parent directories): .git
2023-07-12 00:13:51.482 [warning] ENOENT: no such file or directory, open '/home/huang/.git/HEAD'
2023-07-12 00:13:51.483 [warning] getRemotes() - ENOENT: no such file or directory, open '/home/huang/.git/config'
2023-07-12 00:13:51.485 [info] > git rev-parse HEAD [6ms]
2023-07-12 00:13:51.485 [info] fatal: not a git repository (or any of the parent directories): .git
2023-07-12 00:13:51.485 [info] > git config --get commit.template [0ms]
2023-07-12 00:13:51.485 [info] > git remote --verbose [2ms]
2023-07-12 00:13:51.485 [info] fatal: not a git repository (or any of the parent directories): .git
2023-07-12 00:13:51.485 [info] > git symbolic-ref --short HEAD [3ms]
2023-07-12 00:13:51.485 [info] fatal: not a git repository (or any of the parent directories): .git
2023-07-12 00:13:51.487 [info] > git rev-parse HEAD [0ms]
2023-07-12 00:13:51.487 [info] fatal: not a git repository (or any of the parent directories): .git
2023-07-12 00:13:59.027 [info] > git rev-parse --show-toplevel [1ms]
2023-07-12 00:13:59.029 [info] > git rev-parse --git-dir --git-common-dir [0ms]
2023-07-12 00:13:59.031 [info] Open repository: /home/huang
2023-07-12 00:13:59.034 [info] No remotes found in the git config file.
2023-07-12 00:13:59.036 [info] > git config --get commit.template [3ms]
2023-07-12 00:13:59.036 [info] > git for-each-ref --format=%(refname)%00%(upstream:short)%00%(objectname)%00%(upstream:track)%00%(upstream:remotename)%00%(upstream:remoteref) refs/heads/master refs/remotes/master [0ms]
2023-07-12 00:13:59.041 [info] > git status -z -uall [4ms]
2023-07-12 00:13:59.055 [info] No remotes found in the git config file.
2023-07-12 00:13:59.055 [info] > git config --get commit.template [2ms]
2023-07-12 00:13:59.055 [info] > git for-each-ref --format=%(refname)%00%(upstream:short)%00%(objectname)%00%(upstream:track)%00%(upstream:remotename)%00%(upstream:remoteref) refs/heads/master refs/remotes/master [0ms]
2023-07-12 00:13:59.061 [info] > git status -z -uall [5ms]
2023-07-12 00:13:59.678 [info] > git check-ignore -v -z --stdin [1ms]
2023-07-12 00:14:02.690 [info] No remotes found in the git config file.
2023-07-12 00:14:02.690 [info] > git config --get commit.template [2ms]
2023-07-12 00:14:02.691 [info] > git for-each-ref --format=%(refname)%00%(upstream:short)%00%(objectname)%00%(upstream:track)%00%(upstream:remotename)%00%(upstream:remoteref) refs/heads/master refs/remotes/master [1ms]
2023-07-12 00:14:02.696 [info] > git status -z -uall [4ms]
2023-07-12 00:14:07.708 [info] No remotes found in the git config file.
2023-07-12 00:14:07.708 [info] > git config --get commit.template [3ms]
2023-07-12 00:14:07.708 [info] > git for-each-ref --format=%(refname)%00%(upstream:short)%00%(objectname)%00%(upstream:track)%00%(upstream:remotename)%00%(upstream:remoteref) refs/heads/master refs/remotes/master [0ms]
2023-07-12 00:14:07.714 [info] > git status -z -uall [4ms]
2023-07-12 00:14:12.727 [info] No remotes found in the git config file.
2023-07-12 00:14:12.727 [info] > git config --get commit.template [3ms]
2023-07-12 00:14:12.727 [info] > git for-each-ref --format=%(refname)%00%(upstream:short)%00%(objectname)%00%(upstream:track)%00%(upstream:remotename)%00%(upstream:remoteref) refs/heads/master refs/remotes/master [0ms]
2023-07-12 00:14:12.733 [info] > git status -z -uall [4ms]
2023-07-12 00:14:17.747 [info] No remotes found in the git config file.
2023-07-12 00:14:17.747 [info] > git config --get commit.template [3ms]
2023-07-12 00:14:17.747 [info] > git for-each-ref --format=%(refname)%00%(upstream:short)%00%(objectname)%00%(upstream:track)%00%(upstream:remotename)%00%(upstream:remoteref) refs/heads/master refs/remotes/master [0ms]
2023-07-12 00:14:17.753 [info] > git status -z -uall [4ms]
2023-07-12 00:14:22.764 [info] No remotes found in the git config file.
2023-07-12 00:14:22.764 [info] > git config --get commit.template [1ms]
2023-07-12 00:14:22.767 [info] > git for-each-ref --format=%(refname)%00%(upstream:short)%00%(objectname)%00%(upstream:track)%00%(upstream:remotename)%00%(upstream:remoteref) refs/heads/master refs/remotes/master [0ms]
2023-07-12 00:14:22.773 [info] > git status -z -uall [4ms]
2023-07-12 00:14:27.784 [info] No remotes found in the git config file.
2023-07-12 00:14:27.784 [info] > git config --get commit.template [1ms]
2023-07-12 00:14:27.787 [info] > git for-each-ref --format=%(refname)%00%(upstream:short)%00%(objectname)%00%(upstream:track)%00%(upstream:remotename)%00%(upstream:remoteref) refs/heads/master refs/remotes/master [1ms]
2023-07-12 00:14:27.792 [info] > git status -z -uall [3ms]
2023-07-12 00:14:32.807 [info] No remotes found in the git config file.
2023-07-12 00:14:32.808 [info] > git config --get commit.template [4ms]
2023-07-12 00:14:32.808 [info] > git for-each-ref --format=%(refname)%00%(upstream:short)%00%(objectname)%00%(upstream:track)%00%(upstream:remotename)%00%(upstream:remoteref) refs/heads/master refs/remotes/master [1ms]
2023-07-12 00:14:32.814 [info] > git status -z -uall [4ms]
2023-07-12 00:14:37.824 [info] No remotes found in the git config file.
2023-07-12 00:14:37.827 [info] > git config --get commit.template [3ms]
2023-07-12 00:14:37.827 [info] > git for-each-ref --format=%(refname)%00%(upstream:short)%00%(objectname)%00%(upstream:track)%00%(upstream:remotename)%00%(upstream:remoteref) refs/heads/master refs/remotes/master [0ms]
2023-07-12 00:14:37.833 [info] > git status -z -uall [3ms]
2023-07-12 00:14:42.846 [info] No remotes found in the git config file.
2023-07-12 00:14:42.846 [info] > git config --get commit.template [3ms]
2023-07-12 00:14:42.846 [info] > git for-each-ref --format=%(refname)%00%(upstream:short)%00%(objectname)%00%(upstream:track)%00%(upstream:remotename)%00%(upstream:remoteref) refs/heads/master refs/remotes/master [0ms]
2023-07-12 00:14:42.853 [info] > git status -z -uall [4ms]
