2023-07-11 23:57:37.097 [info] Extension host with pid 790077 started
2023-07-11 23:57:37.104 [info] Lock '/home/huang/.vscode-server/data/User/workspaceStorage/43f3abc0657228000887ebd37028cc4f/vscode.lock': Lock acquired.
2023-07-11 23:57:37.208 [info] ExtensionService#_doActivateExtension vscode.git-base, startup: true, activationEvent: '*'
2023-07-11 23:57:37.303 [info] ExtensionService#_doActivateExtension vscode.github, startup: true, activationEvent: '*'
2023-07-11 23:57:37.377 [info] Eager extensions activated
2023-07-11 23:57:37.377 [info] ExtensionService#_doActivateExtension vscode.debug-auto-launch, startup: false, activationEvent: 'onStartupFinished'
2023-07-11 23:57:37.377 [info] ExtensionService#_doActivateExtension vscode.merge-conflict, startup: false, activationEvent: 'onStartupFinished'
2023-07-11 23:57:38.644 [info] ExtensionService#_doActivateExtension vscode.git, startup: false, activationEvent: 'api', root cause: vscode.github
2023-07-11 23:57:42.528 [info] ExtensionService#_doActivateExtension vscode.emmet, startup: false, activationEvent: 'onLanguage'
2023-07-12 00:00:20.937 [info] ExtensionService#_doActivateExtension vscode.npm, startup: false, activationEvent: 'onTerminalQuickFixRequest:ms-vscode.npm-command'
2023-07-12 00:04:10.535 [error] Error: Repository not initialized
	at R.Y (/home/huang/.vscode-server/bin/660393deaaa6d1996740ff4880f1bad43768c814/extensions/git/dist/main.js:2:1323653)
	at R.status (/home/huang/.vscode-server/bin/660393deaaa6d1996740ff4880f1bad43768c814/extensions/git/dist/main.js:2:1309096)
	at R.o (/home/huang/.vscode-server/bin/660393deaaa6d1996740ff4880f1bad43768c814/extensions/git/dist/main.js:2:1216909)
	at R.lb (/home/huang/.vscode-server/bin/660393deaaa6d1996740ff4880f1bad43768c814/extensions/git/dist/main.js:2:1329659)
2023-07-12 00:09:14.293 [warning] [Decorations] CAPPING events from decorations provider vscode.git 1395
2023-07-12 00:09:14.313 [warning] [Decorations] CAPPING events from decorations provider vscode.git 1395
2023-07-12 00:09:16.596 [warning] [Decorations] CAPPING events from decorations provider vscode.git 1395
2023-07-12 00:09:21.616 [warning] [Decorations] CAPPING events from decorations provider vscode.git 1395
2023-07-12 00:09:34.139 [warning] [Decorations] CAPPING events from decorations provider vscode.git 1395
2023-07-12 00:09:39.159 [warning] [Decorations] CAPPING events from decorations provider vscode.git 1395
2023-07-12 00:09:44.180 [warning] [Decorations] CAPPING events from decorations provider vscode.git 1395
2023-07-12 00:09:49.198 [warning] [Decorations] CAPPING events from decorations provider vscode.git 1395
2023-07-12 00:09:54.220 [warning] [Decorations] CAPPING events from decorations provider vscode.git 1395
2023-07-12 00:09:59.240 [warning] [Decorations] CAPPING events from decorations provider vscode.git 1395
2023-07-12 00:10:04.260 [warning] [Decorations] CAPPING events from decorations provider vscode.git 1395
2023-07-12 00:10:09.279 [warning] [Decorations] CAPPING events from decorations provider vscode.git 1395
2023-07-12 00:10:14.299 [warning] [Decorations] CAPPING events from decorations provider vscode.git 1395
2023-07-12 00:10:19.320 [warning] [Decorations] CAPPING events from decorations provider vscode.git 1395
2023-07-12 00:10:24.340 [warning] [Decorations] CAPPING events from decorations provider vscode.git 1395
2023-07-12 00:10:29.363 [warning] [Decorations] CAPPING events from decorations provider vscode.git 1395
2023-07-12 00:10:34.379 [warning] [Decorations] CAPPING events from decorations provider vscode.git 1395
2023-07-12 00:13:52.487 [error] {"message":"Failed to execute git","stdout":"","stderr":"fatal: not a git repository (or any of the parent directories): .git\n","exitCode":128,"gitErrorCode":"NotAGitRepository","gitCommand":"remote","gitArgs":["remote","--verbose"]}
2023-07-12 00:13:59.049 [warning] [Decorations] CAPPING events from decorations provider vscode.git 1396
2023-07-12 00:13:59.065 [warning] [Decorations] CAPPING events from decorations provider vscode.git 1396
2023-07-12 00:14:02.701 [warning] [Decorations] CAPPING events from decorations provider vscode.git 1396
2023-07-12 00:14:07.718 [warning] [Decorations] CAPPING events from decorations provider vscode.git 1396
2023-07-12 00:14:12.738 [warning] [Decorations] CAPPING events from decorations provider vscode.git 1396
2023-07-12 00:14:17.758 [warning] [Decorations] CAPPING events from decorations provider vscode.git 1396
2023-07-12 00:14:22.777 [warning] [Decorations] CAPPING events from decorations provider vscode.git 1396
2023-07-12 00:14:27.798 [warning] [Decorations] CAPPING events from decorations provider vscode.git 1395
2023-07-12 00:14:32.819 [warning] [Decorations] CAPPING events from decorations provider vscode.git 1395
2023-07-12 00:14:37.837 [warning] [Decorations] CAPPING events from decorations provider vscode.git 1395
2023-07-12 00:14:42.859 [warning] [Decorations] CAPPING events from decorations provider vscode.git 1395
