*
* Visual Studio Code Server
*
* By using the software, you agree to
* the Visual Studio Code Server License Terms (https://aka.ms/vscode-server-license) and
* the Microsoft Privacy Statement (https://privacy.microsoft.com/en-US/privacystatement).
*
Server bound to 127.0.0.1:44213 (IPv4)
Extension host agent listening on 44213

[23:02:24] 




[23:02:25] Extension host agent started.
[23:02:25] [127.0.0.1][abce40e9][ManagementConnection] New connection established.
[23:02:25] [127.0.0.1][1c750ca3][ExtensionHostConnection] New connection established.
[23:02:25] [127.0.0.1][1c750ca3][ExtensionHostConnection] <781054> Launched Extension Host Process.
[IPC Library: Pty Host]  WARN Shell integration cannot be enabled for executable "/bin/sh" and args [
  '-c',
  'wget --version > /dev/null\n' +
    'if [ $? -eq 0 ]\n' +
    'then\n' +
    "\twget --connect-timeout=7 --tries=1 --dns-timeout=7 -q --header='Metadata:true' -O - http://169.254.169.254/metadata/instance?api-version=2019-03-11\n" +
    'else\n' +
    '\tcurl --version > /dev/null\n' +
    '\tif [ $? -eq 0 ]\n' +
    '\tthen\n' +
    "\t\tcurl --connect-timeout 7 -s --header='Metadata:true' http://169.254.169.254/metadata/instance?api-version=2019-03-11\n" +
    '\tfi\n' +
    'fi\n' +
    'exit 0'
]
[IPC Library: Pty Host]  WARN Shell integration cannot be enabled for executable "/bin/sh" and args [
  '-c',
  'wget --version > /dev/null\n' +
    'if [ $? -eq 0 ]\n' +
    'then\n' +
    '\twget --connect-timeout=7 --tries=1 --dns-timeout=7 -q  -O - http://169.254.169.254/latest/meta-data/instance-id\n' +
    'else\n' +
    '\tcurl --version > /dev/null\n' +
    '\tif [ $? -eq 0 ]\n' +
    '\tthen\n' +
    '\t\tcurl --connect-timeout 7 -s  http://169.254.169.254/latest/meta-data/instance-id\n' +
    '\tfi\n' +
    'fi\n' +
    'exit 0'
]
[IPC Library: Pty Host]  WARN Shell integration cannot be enabled for executable "/bin/sh" and args [
  '-c',
  'wget --version > /dev/null\n' +
    'if [ $? -eq 0 ]\n' +
    'then\n' +
    '\twget --connect-timeout=7 --tries=1 --dns-timeout=7 -q  -O - http://169.254.169.254/metadata/v1/id\n' +
    'else\n' +
    '\tcurl --version > /dev/null\n' +
    '\tif [ $? -eq 0 ]\n' +
    '\tthen\n' +
    '\t\tcurl --connect-timeout 7 -s  http://169.254.169.254/metadata/v1/id\n' +
    '\tfi\n' +
    'fi\n' +
    'exit 0'
]
[IPC Library: Pty Host]  WARN Shell integration cannot be enabled for executable "/bin/sh" and args [
  '-c',
  'wget --version > /dev/null\n' +
    'if [ $? -eq 0 ]\n' +
    'then\n' +
    "\twget --connect-timeout=7 --tries=1 --dns-timeout=7 -q --header='Metadata-Flavor:Google' -O - http://metadata.google.internal/computeMetadata/v1/instance/id\n" +
    'else\n' +
    '\tcurl --version > /dev/null\n' +
    '\tif [ $? -eq 0 ]\n' +
    '\tthen\n' +
    "\t\tcurl --connect-timeout 7 -s --header='Metadata-Flavor:Google' http://metadata.google.internal/computeMetadata/v1/instance/id\n" +
    '\tfi\n' +
    'fi\n' +
    'exit 0'
]
[23:02:33] [127.0.0.1][abce40e9][ManagementConnection] The client has disconnected gracefully, so the connection will be disposed.
[23:02:33] [127.0.0.1][1c750ca3][ExtensionHostConnection] <781054> Extension Host Process exited with code: 0, signal: null.
Cancelling previous shutdown timeout
[23:02:33] Cancelling previous shutdown timeout
Last EH closed, waiting before shutting down
[23:02:33] Last EH closed, waiting before shutting down
Got delay-shutdown request while in shutdown timeout, delaying
[23:02:43] Got delay-shutdown request while in shutdown timeout, delaying
Cancelling previous shutdown timeout
[23:02:43] Cancelling previous shutdown timeout
[23:02:44] [127.0.0.1][3e80d208][ManagementConnection] New connection established.
[23:02:44] [127.0.0.1][01cb353e][ExtensionHostConnection] New connection established.
[23:02:44] [127.0.0.1][01cb353e][ExtensionHostConnection] <781196> Launched Extension Host Process.
[IPC Library: Pty Host]  WARN Shell integration cannot be enabled for executable "/bin/sh" and args [
  '-c',
  'wget --version > /dev/null\n' +
    'if [ $? -eq 0 ]\n' +
    'then\n' +
    "\twget --connect-timeout=7 --tries=1 --dns-timeout=7 -q --header='Metadata:true' -O - http://169.254.169.254/metadata/instance?api-version=2019-03-11\n" +
    'else\n' +
    '\tcurl --version > /dev/null\n' +
    '\tif [ $? -eq 0 ]\n' +
    '\tthen\n' +
    "\t\tcurl --connect-timeout 7 -s --header='Metadata:true' http://169.254.169.254/metadata/instance?api-version=2019-03-11\n" +
    '\tfi\n' +
    'fi\n' +
    'exit 0'
]
[IPC Library: Pty Host]  WARN Shell integration cannot be enabled for executable "/bin/sh" and args [
  '-c',
  'wget --version > /dev/null\n' +
    'if [ $? -eq 0 ]\n' +
    'then\n' +
    '\twget --connect-timeout=7 --tries=1 --dns-timeout=7 -q  -O - http://169.254.169.254/latest/meta-data/instance-id\n' +
    'else\n' +
    '\tcurl --version > /dev/null\n' +
    '\tif [ $? -eq 0 ]\n' +
    '\tthen\n' +
    '\t\tcurl --connect-timeout 7 -s  http://169.254.169.254/latest/meta-data/instance-id\n' +
    '\tfi\n' +
    'fi\n' +
    'exit 0'
]
[IPC Library: Pty Host]  WARN Shell integration cannot be enabled for executable "/bin/sh" and args [
  '-c',
  'wget --version > /dev/null\n' +
    'if [ $? -eq 0 ]\n' +
    'then\n' +
    '\twget --connect-timeout=7 --tries=1 --dns-timeout=7 -q  -O - http://169.254.169.254/metadata/v1/id\n' +
    'else\n' +
    '\tcurl --version > /dev/null\n' +
    '\tif [ $? -eq 0 ]\n' +
    '\tthen\n' +
    '\t\tcurl --connect-timeout 7 -s  http://169.254.169.254/metadata/v1/id\n' +
    '\tfi\n' +
    'fi\n' +
    'exit 0'
]
[IPC Library: Pty Host]  WARN Shell integration cannot be enabled for executable "/bin/sh" and args [
  '-c',
  'wget --version > /dev/null\n' +
    'if [ $? -eq 0 ]\n' +
    'then\n' +
    "\twget --connect-timeout=7 --tries=1 --dns-timeout=7 -q --header='Metadata-Flavor:Google' -O - http://metadata.google.internal/computeMetadata/v1/instance/id\n" +
    'else\n' +
    '\tcurl --version > /dev/null\n' +
    '\tif [ $? -eq 0 ]\n' +
    '\tthen\n' +
    "\t\tcurl --connect-timeout 7 -s --header='Metadata-Flavor:Google' http://metadata.google.internal/computeMetadata/v1/instance/id\n" +
    '\tfi\n' +
    'fi\n' +
    'exit 0'
]
New EH opened, aborting shutdown
[23:07:43] New EH opened, aborting shutdown
[23:18:31] [File Watcher (node.js)] Watcher shutdown because watched path got deleted
[23:50:26] [127.0.0.1][3e80d208][ManagementConnection] The client has disconnected gracefully, so the connection will be disposed.
[23:50:26] [127.0.0.1][01cb353e][ExtensionHostConnection] <781196> Extension Host Process exited with code: 0, signal: null.
Last EH closed, waiting before shutting down
[23:50:26] Last EH closed, waiting before shutting down
Got delay-shutdown request while in shutdown timeout, delaying
[23:51:16] Got delay-shutdown request while in shutdown timeout, delaying
Cancelling previous shutdown timeout
[23:51:16] Cancelling previous shutdown timeout
[23:51:17] [127.0.0.1][b882540f][ManagementConnection] New connection established.
[23:51:17] [127.0.0.1][34d34de4][ExtensionHostConnection] New connection established.
[23:51:17] [127.0.0.1][34d34de4][ExtensionHostConnection] <789096> Launched Extension Host Process.
rejected promise not handled within 1 second: CodeExpectedError: Could not find pty on pty host
stack trace: CodeExpectedError: Could not find pty on pty host
    at g.O (/home/huang/.vscode-server/bin/660393deaaa6d1996740ff4880f1bad43768c814/out/vs/platform/terminal/node/ptyHostMain.js:28:7243)
    at g.updateTitle (/home/huang/.vscode-server/bin/660393deaaa6d1996740ff4880f1bad43768c814/out/vs/platform/terminal/node/ptyHostMain.js:28:2685)
    at g.Q.<computed> (/home/huang/.vscode-server/bin/660393deaaa6d1996740ff4880f1bad43768c814/out/vs/platform/terminal/node/ptyHostMain.js:27:22460)
    at Object.call (/home/huang/.vscode-server/bin/660393deaaa6d1996740ff4880f1bad43768c814/out/vs/platform/terminal/node/ptyHostMain.js:17:4866)
    at u.s (/home/huang/.vscode-server/bin/660393deaaa6d1996740ff4880f1bad43768c814/out/vs/platform/terminal/node/ptyHostMain.js:15:5150)
    at u.q (/home/huang/.vscode-server/bin/660393deaaa6d1996740ff4880f1bad43768c814/out/vs/platform/terminal/node/ptyHostMain.js:15:4661)
    at i.value (/home/huang/.vscode-server/bin/660393deaaa6d1996740ff4880f1bad43768c814/out/vs/platform/terminal/node/ptyHostMain.js:15:4066)
    at E.w (/home/huang/.vscode-server/bin/660393deaaa6d1996740ff4880f1bad43768c814/out/vs/platform/terminal/node/ptyHostMain.js:10:1902)
    at E.fire (/home/huang/.vscode-server/bin/660393deaaa6d1996740ff4880f1bad43768c814/out/vs/platform/terminal/node/ptyHostMain.js:10:2119)
    at process.G (/home/huang/.vscode-server/bin/660393deaaa6d1996740ff4880f1bad43768c814/out/vs/platform/terminal/node/ptyHostMain.js:8:27085)
    at process.emit (node:events:513:28)
    at emit (node:internal/child_process:939:14)
    at processTicksAndRejections (node:internal/process/task_queues:84:21)
[23:51:20] Error [CodeExpectedError]: Could not find pty on pty host
    at g.O (/home/huang/.vscode-server/bin/660393deaaa6d1996740ff4880f1bad43768c814/out/vs/platform/terminal/node/ptyHostMain.js:28:7243)
    at g.updateTitle (/home/huang/.vscode-server/bin/660393deaaa6d1996740ff4880f1bad43768c814/out/vs/platform/terminal/node/ptyHostMain.js:28:2685)
    at g.Q.<computed> (/home/huang/.vscode-server/bin/660393deaaa6d1996740ff4880f1bad43768c814/out/vs/platform/terminal/node/ptyHostMain.js:27:22460)
    at Object.call (/home/huang/.vscode-server/bin/660393deaaa6d1996740ff4880f1bad43768c814/out/vs/platform/terminal/node/ptyHostMain.js:17:4866)
    at u.s (/home/huang/.vscode-server/bin/660393deaaa6d1996740ff4880f1bad43768c814/out/vs/platform/terminal/node/ptyHostMain.js:15:5150)
    at u.q (/home/huang/.vscode-server/bin/660393deaaa6d1996740ff4880f1bad43768c814/out/vs/platform/terminal/node/ptyHostMain.js:15:4661)
    at i.value (/home/huang/.vscode-server/bin/660393deaaa6d1996740ff4880f1bad43768c814/out/vs/platform/terminal/node/ptyHostMain.js:15:4066)
    at E.w (/home/huang/.vscode-server/bin/660393deaaa6d1996740ff4880f1bad43768c814/out/vs/platform/terminal/node/ptyHostMain.js:10:1902)
    at E.fire (/home/huang/.vscode-server/bin/660393deaaa6d1996740ff4880f1bad43768c814/out/vs/platform/terminal/node/ptyHostMain.js:10:2119)
    at process.G (/home/huang/.vscode-server/bin/660393deaaa6d1996740ff4880f1bad43768c814/out/vs/platform/terminal/node/ptyHostMain.js:8:27085)
    at process.emit (node:events:513:28)
    at emit (node:internal/child_process:939:14)
    at processTicksAndRejections (node:internal/process/task_queues:84:21)
[IPC Library: Pty Host]  WARN Shell integration cannot be enabled for executable "/bin/sh" and args [
  '-c',
  'wget --version > /dev/null\n' +
    'if [ $? -eq 0 ]\n' +
    'then\n' +
    "\twget --connect-timeout=7 --tries=1 --dns-timeout=7 -q --header='Metadata:true' -O - http://169.254.169.254/metadata/instance?api-version=2019-03-11\n" +
    'else\n' +
    '\tcurl --version > /dev/null\n' +
    '\tif [ $? -eq 0 ]\n' +
    '\tthen\n' +
    "\t\tcurl --connect-timeout 7 -s --header='Metadata:true' http://169.254.169.254/metadata/instance?api-version=2019-03-11\n" +
    '\tfi\n' +
    'fi\n' +
    'exit 0'
]
[IPC Library: Pty Host]  WARN Shell integration cannot be enabled for executable "/bin/sh" and args [
  '-c',
  'wget --version > /dev/null\n' +
    'if [ $? -eq 0 ]\n' +
    'then\n' +
    '\twget --connect-timeout=7 --tries=1 --dns-timeout=7 -q  -O - http://169.254.169.254/latest/meta-data/instance-id\n' +
    'else\n' +
    '\tcurl --version > /dev/null\n' +
    '\tif [ $? -eq 0 ]\n' +
    '\tthen\n' +
    '\t\tcurl --connect-timeout 7 -s  http://169.254.169.254/latest/meta-data/instance-id\n' +
    '\tfi\n' +
    'fi\n' +
    'exit 0'
]
[IPC Library: Pty Host]  WARN Shell integration cannot be enabled for executable "/bin/sh" and args [
  '-c',
  'wget --version > /dev/null\n' +
    'if [ $? -eq 0 ]\n' +
    'then\n' +
    '\twget --connect-timeout=7 --tries=1 --dns-timeout=7 -q  -O - http://169.254.169.254/metadata/v1/id\n' +
    'else\n' +
    '\tcurl --version > /dev/null\n' +
    '\tif [ $? -eq 0 ]\n' +
    '\tthen\n' +
    '\t\tcurl --connect-timeout 7 -s  http://169.254.169.254/metadata/v1/id\n' +
    '\tfi\n' +
    'fi\n' +
    'exit 0'
]
[IPC Library: Pty Host]  WARN Shell integration cannot be enabled for executable "/bin/sh" and args [
  '-c',
  'wget --version > /dev/null\n' +
    'if [ $? -eq 0 ]\n' +
    'then\n' +
    "\twget --connect-timeout=7 --tries=1 --dns-timeout=7 -q --header='Metadata-Flavor:Google' -O - http://metadata.google.internal/computeMetadata/v1/instance/id\n" +
    'else\n' +
    '\tcurl --version > /dev/null\n' +
    '\tif [ $? -eq 0 ]\n' +
    '\tthen\n' +
    "\t\tcurl --connect-timeout 7 -s --header='Metadata-Flavor:Google' http://metadata.google.internal/computeMetadata/v1/instance/id\n" +
    '\tfi\n' +
    'fi\n' +
    'exit 0'
]
New EH opened, aborting shutdown
[23:56:16] New EH opened, aborting shutdown
[23:57:27] [127.0.0.1][b882540f][ManagementConnection] The client has disconnected gracefully, so the connection will be disposed.
[23:57:27] [127.0.0.1][34d34de4][ExtensionHostConnection] <789096> Extension Host Process exited with code: 0, signal: null.
Last EH closed, waiting before shutting down
[23:57:27] Last EH closed, waiting before shutting down
Got delay-shutdown request while in shutdown timeout, delaying
[23:57:35] Got delay-shutdown request while in shutdown timeout, delaying
Cancelling previous shutdown timeout
[23:57:35] Cancelling previous shutdown timeout
[23:57:35] [127.0.0.1][33bb327d][ManagementConnection] New connection established.
[23:57:36] [127.0.0.1][e96e146b][ExtensionHostConnection] New connection established.
[23:57:36] [127.0.0.1][e96e146b][ExtensionHostConnection] <790077> Launched Extension Host Process.
rejected promise not handled within 1 second: CodeExpectedError: Could not find pty on pty host
stack trace: CodeExpectedError: Could not find pty on pty host
    at g.O (/home/huang/.vscode-server/bin/660393deaaa6d1996740ff4880f1bad43768c814/out/vs/platform/terminal/node/ptyHostMain.js:28:7243)
    at g.updateTitle (/home/huang/.vscode-server/bin/660393deaaa6d1996740ff4880f1bad43768c814/out/vs/platform/terminal/node/ptyHostMain.js:28:2685)
    at g.Q.<computed> (/home/huang/.vscode-server/bin/660393deaaa6d1996740ff4880f1bad43768c814/out/vs/platform/terminal/node/ptyHostMain.js:27:22460)
    at Object.call (/home/huang/.vscode-server/bin/660393deaaa6d1996740ff4880f1bad43768c814/out/vs/platform/terminal/node/ptyHostMain.js:17:4866)
    at u.s (/home/huang/.vscode-server/bin/660393deaaa6d1996740ff4880f1bad43768c814/out/vs/platform/terminal/node/ptyHostMain.js:15:5150)
    at u.q (/home/huang/.vscode-server/bin/660393deaaa6d1996740ff4880f1bad43768c814/out/vs/platform/terminal/node/ptyHostMain.js:15:4661)
    at i.value (/home/huang/.vscode-server/bin/660393deaaa6d1996740ff4880f1bad43768c814/out/vs/platform/terminal/node/ptyHostMain.js:15:4066)
    at E.w (/home/huang/.vscode-server/bin/660393deaaa6d1996740ff4880f1bad43768c814/out/vs/platform/terminal/node/ptyHostMain.js:10:1902)
    at E.fire (/home/huang/.vscode-server/bin/660393deaaa6d1996740ff4880f1bad43768c814/out/vs/platform/terminal/node/ptyHostMain.js:10:2119)
    at process.G (/home/huang/.vscode-server/bin/660393deaaa6d1996740ff4880f1bad43768c814/out/vs/platform/terminal/node/ptyHostMain.js:8:27085)
    at process.emit (node:events:513:28)
    at emit (node:internal/child_process:939:14)
    at processTicksAndRejections (node:internal/process/task_queues:84:21)
[23:57:38] Error [CodeExpectedError]: Could not find pty on pty host
    at g.O (/home/huang/.vscode-server/bin/660393deaaa6d1996740ff4880f1bad43768c814/out/vs/platform/terminal/node/ptyHostMain.js:28:7243)
    at g.updateTitle (/home/huang/.vscode-server/bin/660393deaaa6d1996740ff4880f1bad43768c814/out/vs/platform/terminal/node/ptyHostMain.js:28:2685)
    at g.Q.<computed> (/home/huang/.vscode-server/bin/660393deaaa6d1996740ff4880f1bad43768c814/out/vs/platform/terminal/node/ptyHostMain.js:27:22460)
    at Object.call (/home/huang/.vscode-server/bin/660393deaaa6d1996740ff4880f1bad43768c814/out/vs/platform/terminal/node/ptyHostMain.js:17:4866)
    at u.s (/home/huang/.vscode-server/bin/660393deaaa6d1996740ff4880f1bad43768c814/out/vs/platform/terminal/node/ptyHostMain.js:15:5150)
    at u.q (/home/huang/.vscode-server/bin/660393deaaa6d1996740ff4880f1bad43768c814/out/vs/platform/terminal/node/ptyHostMain.js:15:4661)
    at i.value (/home/huang/.vscode-server/bin/660393deaaa6d1996740ff4880f1bad43768c814/out/vs/platform/terminal/node/ptyHostMain.js:15:4066)
    at E.w (/home/huang/.vscode-server/bin/660393deaaa6d1996740ff4880f1bad43768c814/out/vs/platform/terminal/node/ptyHostMain.js:10:1902)
    at E.fire (/home/huang/.vscode-server/bin/660393deaaa6d1996740ff4880f1bad43768c814/out/vs/platform/terminal/node/ptyHostMain.js:10:2119)
    at process.G (/home/huang/.vscode-server/bin/660393deaaa6d1996740ff4880f1bad43768c814/out/vs/platform/terminal/node/ptyHostMain.js:8:27085)
    at process.emit (node:events:513:28)
    at emit (node:internal/child_process:939:14)
    at processTicksAndRejections (node:internal/process/task_queues:84:21)
[IPC Library: Pty Host]  WARN Shell integration cannot be enabled for executable "/bin/sh" and args [
  '-c',
  'wget --version > /dev/null\n' +
    'if [ $? -eq 0 ]\n' +
    'then\n' +
    "\twget --connect-timeout=7 --tries=1 --dns-timeout=7 -q --header='Metadata:true' -O - http://169.254.169.254/metadata/instance?api-version=2019-03-11\n" +
    'else\n' +
    '\tcurl --version > /dev/null\n' +
    '\tif [ $? -eq 0 ]\n' +
    '\tthen\n' +
    "\t\tcurl --connect-timeout 7 -s --header='Metadata:true' http://169.254.169.254/metadata/instance?api-version=2019-03-11\n" +
    '\tfi\n' +
    'fi\n' +
    'exit 0'
]
[IPC Library: Pty Host]  WARN Shell integration cannot be enabled for executable "/bin/sh" and args [
  '-c',
  'wget --version > /dev/null\n' +
    'if [ $? -eq 0 ]\n' +
    'then\n' +
    '\twget --connect-timeout=7 --tries=1 --dns-timeout=7 -q  -O - http://169.254.169.254/latest/meta-data/instance-id\n' +
    'else\n' +
    '\tcurl --version > /dev/null\n' +
    '\tif [ $? -eq 0 ]\n' +
    '\tthen\n' +
    '\t\tcurl --connect-timeout 7 -s  http://169.254.169.254/latest/meta-data/instance-id\n' +
    '\tfi\n' +
    'fi\n' +
    'exit 0'
]
[IPC Library: Pty Host]  WARN Shell integration cannot be enabled for executable "/bin/sh" and args [
  '-c',
  'wget --version > /dev/null\n' +
    'if [ $? -eq 0 ]\n' +
    'then\n' +
    '\twget --connect-timeout=7 --tries=1 --dns-timeout=7 -q  -O - http://169.254.169.254/metadata/v1/id\n' +
    'else\n' +
    '\tcurl --version > /dev/null\n' +
    '\tif [ $? -eq 0 ]\n' +
    '\tthen\n' +
    '\t\tcurl --connect-timeout 7 -s  http://169.254.169.254/metadata/v1/id\n' +
    '\tfi\n' +
    'fi\n' +
    'exit 0'
]
[IPC Library: Pty Host]  WARN Shell integration cannot be enabled for executable "/bin/sh" and args [
  '-c',
  'wget --version > /dev/null\n' +
    'if [ $? -eq 0 ]\n' +
    'then\n' +
    "\twget --connect-timeout=7 --tries=1 --dns-timeout=7 -q --header='Metadata-Flavor:Google' -O - http://metadata.google.internal/computeMetadata/v1/instance/id\n" +
    'else\n' +
    '\tcurl --version > /dev/null\n' +
    '\tif [ $? -eq 0 ]\n' +
    '\tthen\n' +
    "\t\tcurl --connect-timeout 7 -s --header='Metadata-Flavor:Google' http://metadata.google.internal/computeMetadata/v1/instance/id\n" +
    '\tfi\n' +
    'fi\n' +
    'exit 0'
]
New EH opened, aborting shutdown
[00:02:35] New EH opened, aborting shutdown
[00:04:07] [File Watcher (node.js)] Watcher shutdown because watched path got deleted
[00:13:47] [File Watcher (node.js)] Watcher shutdown because watched path got deleted
